2025-03-20 19:50:02,133 - mcp_gateway.core.bridge - INFO - Created new MCPBridge with connection_id: bridge-1-20250321025002
2025-03-20 19:50:02,133 - mcp_gateway.core.bridge - INFO - Preparing response for request_id: connection
2025-03-20 19:50:02,133 - mcp_gateway.core.bridge - DEBUG - Response data after model_dump: {'jsonrpc': '2.0', 'id': 'connection', 'result': {'type': 'connection_established', 'connection_id': 'bridge-1-20250321025002', 'message': 'Bridge connected successfully'}, 'error': None}
2025-03-20 19:50:02,133 - mcp_gateway.core.bridge - DEBUG - Sending response: {'jsonrpc': '2.0', 'id': 'connection', 'result': {'type': 'connection_established', 'connection_id': 'bridge-1-20250321025002', 'message': 'Bridge connected successfully'}, 'error': None}
2025-03-20 19:50:02,134 - mcp_gateway.core.bridge - INFO - Received message: {'jsonrpc': '2.0', 'method': 'initialize', 'id': '1'}
2025-03-20 19:50:02,134 - mcp_gateway.core.bridge - DEBUG - Parsed request: jsonrpc='2.0' method='initialize' params=None id='1'
2025-03-20 19:50:02,134 - mcp_gateway.core.bridge - INFO - Handling initialize request with id: 1
2025-03-20 19:50:02,134 - mcp_gateway.core.bridge - INFO - Initializing bridge with request id: 1
2025-03-20 19:50:02,134 - mcp_gateway.core.bridge - DEBUG - Sending capabilities response with id: 1
2025-03-20 19:50:02,134 - mcp_gateway.core.bridge - INFO - Preparing response for request_id: 1
2025-03-20 19:50:02,134 - mcp_gateway.core.bridge - DEBUG - Response data after model_dump: {'jsonrpc': '2.0', 'id': '1', 'result': {'protocol': {'version': '2024-11-05', 'capabilities': {'tools': True, 'resources': False, 'prompts': False, 'sampling': False}}, 'tools': {'system_info': {'name': 'system_info', 'description': 'Get system information like CPU usage, memory, etc.', 'version': '1.0.0', 'methods': {'get_cpu_usage': {'name': 'get_cpu_usage', 'description': 'Get current CPU usage percentage', 'parameters': {}, 'returns': {'type': 'number', 'description': 'CPU usage percentage'}, 'is_async': True}, 'get_memory_info': {'name': 'get_memory_info', 'description': 'Get memory usage information', 'parameters': {}, 'returns': {'type': 'object', 'description': 'Memory usage information'}, 'is_async': True}, 'list_processes': {'name': 'list_processes', 'description': 'List running processes with optional filtering', 'parameters': {'filter': {'type': 'object', 'description': 'Optional filter criteria for processes', 'properties': {'name_contains': {'type': 'string', 'description': 'Filter by process name'}, 'min_memory_mb': {'type': 'number', 'description': 'Minimum memory usage in MB'}, 'min_cpu_percent': {'type': 'number', 'description': 'Minimum CPU usage percentage'}}}}, 'returns': {'type': 'array', 'description': 'List of process information'}, 'is_async': True}}}}}, 'error': None}
2025-03-20 19:50:02,134 - mcp_gateway.core.bridge - DEBUG - Sending response: {'jsonrpc': '2.0', 'id': '1', 'result': {'protocol': {'version': '2024-11-05', 'capabilities': {'tools': True, 'resources': False, 'prompts': False, 'sampling': False}}, 'tools': {'system_info': {'name': 'system_info', 'description': 'Get system information like CPU usage, memory, etc.', 'version': '1.0.0', 'methods': {'get_cpu_usage': {'name': 'get_cpu_usage', 'description': 'Get current CPU usage percentage', 'parameters': {}, 'returns': {'type': 'number', 'description': 'CPU usage percentage'}, 'is_async': True}, 'get_memory_info': {'name': 'get_memory_info', 'description': 'Get memory usage information', 'parameters': {}, 'returns': {'type': 'object', 'description': 'Memory usage information'}, 'is_async': True}, 'list_processes': {'name': 'list_processes', 'description': 'List running processes with optional filtering', 'parameters': {'filter': {'type': 'object', 'description': 'Optional filter criteria for processes', 'properties': {'name_contains': {'type': 'string', 'description': 'Filter by process name'}, 'min_memory_mb': {'type': 'number', 'description': 'Minimum memory usage in MB'}, 'min_cpu_percent': {'type': 'number', 'description': 'Minimum CPU usage percentage'}}}}, 'returns': {'type': 'array', 'description': 'List of process information'}, 'is_async': True}}}}}, 'error': None}
2025-03-20 19:50:02,134 - mcp_gateway.core.bridge - INFO - Received message: {'jsonrpc': '2.0', 'method': 'invalid_method', 'id': '2'}
2025-03-20 19:50:02,134 - mcp_gateway.core.bridge - DEBUG - Parsed request: jsonrpc='2.0' method='invalid_method' params=None id='2'
2025-03-20 19:50:02,134 - mcp_gateway.core.bridge - DEBUG - Response data after model_dump: {'jsonrpc': '2.0', 'id': '2', 'result': None, 'error': {'code': -32601, 'message': "Method 'invalid_method' not found"}}
2025-03-20 19:50:02,135 - mcp_gateway.core.bridge - INFO - Received message: {'jsonrpc': '2.0', 'method': 'initialize', 'params': {'invalid': 'params'}, 'id': '3'}
2025-03-20 19:50:02,135 - mcp_gateway.core.bridge - DEBUG - Parsed request: jsonrpc='2.0' method='initialize' params={'invalid': 'params'} id='3'
2025-03-20 19:50:02,135 - mcp_gateway.core.bridge - INFO - Handling initialize request with id: 3
2025-03-20 19:50:02,135 - mcp_gateway.core.bridge - WARNING - Initialize request contained params: {'invalid': 'params'}
2025-03-20 19:50:02,135 - mcp_gateway.core.bridge - DEBUG - Response data after model_dump: {'jsonrpc': '2.0', 'id': '3', 'result': None, 'error': {'code': -32602, 'message': 'Invalid params: initialize request does not accept parameters'}}
2025-03-20 19:50:02,135 - mcp_gateway.core.bridge - INFO - Received message: {'invalid': 'request'}
2025-03-20 19:50:02,135 - mcp_gateway.core.bridge - ERROR - Failed to parse message: 2 validation errors for MCPRequest
method
  Field required [type=missing, input_value={'invalid': 'request'}, input_type=dict]
    For further information visit https://errors.pydantic.dev/2.10/v/missing
id
  Field required [type=missing, input_value={'invalid': 'request'}, input_type=dict]
    For further information visit https://errors.pydantic.dev/2.10/v/missing
2025-03-20 19:50:02,135 - mcp_gateway.core.bridge - DEBUG - Response data after model_dump: {'jsonrpc': '2.0', 'id': '', 'result': None, 'error': {'code': -32600, 'message': 'Invalid Request'}}
2025-03-20 19:55:18,483 - mcp_gateway.core.bridge - DEBUG - Response data after model_dump: {'jsonrpc': '2.0', 'id': 'connection', 'result': {'type': 'connection_established', 'connection_id': 'bridge-1-20250321025518', 'message': 'Bridge connected successfully'}, 'error': None}
2025-03-20 19:55:18,484 - mcp_gateway.core.bridge - DEBUG - Response data after model_dump: {'jsonrpc': '2.0', 'id': '1', 'result': {'protocol': {'version': '2024-11-05', 'capabilities': {'tools': True, 'resources': False, 'prompts': False, 'sampling': False}}, 'tools': {'system_info': {'name': 'system_info', 'description': 'Get system information like CPU usage, memory, etc.', 'version': '1.0.0', 'methods': {'get_cpu_usage': {'name': 'get_cpu_usage', 'description': 'Get current CPU usage percentage', 'parameters': {}, 'returns': {'type': 'number', 'description': 'CPU usage percentage'}, 'is_async': True}, 'get_memory_info': {'name': 'get_memory_info', 'description': 'Get memory usage information', 'parameters': {}, 'returns': {'type': 'object', 'description': 'Memory usage information'}, 'is_async': True}, 'list_processes': {'name': 'list_processes', 'description': 'List running processes with optional filtering', 'parameters': {'filter': {'type': 'object', 'description': 'Optional filter criteria for processes', 'properties': {'name_contains': {'type': 'string', 'description': 'Filter by process name'}, 'min_memory_mb': {'type': 'number', 'description': 'Minimum memory usage in MB'}, 'min_cpu_percent': {'type': 'number', 'description': 'Minimum CPU usage percentage'}}}}, 'returns': {'type': 'array', 'description': 'List of process information'}, 'is_async': True}}}}}, 'error': None}
2025-03-20 19:55:18,485 - mcp_gateway.core.bridge - DEBUG - Response data after model_dump: {'jsonrpc': '2.0', 'id': '2', 'result': None, 'error': {'code': -32601, 'message': "Method 'invalid_method' not found"}}
2025-03-20 19:55:18,485 - mcp_gateway.core.bridge - DEBUG - Response data after model_dump: {'jsonrpc': '2.0', 'id': '3', 'result': None, 'error': {'code': -32602, 'message': 'Invalid params: initialize request does not accept parameters'}}
2025-03-20 19:55:18,486 - mcp_gateway.core.bridge - DEBUG - Response data after model_dump: {'jsonrpc': '2.0', 'id': '', 'result': None, 'error': {'code': -32600, 'message': 'Invalid Request'}}
2025-03-24 18:10:15,765 - mcp_gateway.core.bridge - DEBUG - Response data after model_dump: {'jsonrpc': '2.0', 'id': 'connection', 'result': {'type': 'connection_established', 'connection_id': 'bridge-1-20250325011015', 'message': 'Bridge connected successfully'}, 'error': None}
2025-03-24 18:10:15,766 - mcp_gateway.core.bridge - DEBUG - Response data after model_dump: {'jsonrpc': '2.0', 'id': '1', 'result': {'protocol': {'version': '2024-11-05', 'capabilities': {'tools': True, 'resources': False, 'prompts': False, 'sampling': False}}, 'tools': {'system_info': {'name': 'system_info', 'description': 'Get system information like CPU usage, memory, etc.', 'version': '1.0.0', 'methods': {'get_cpu_usage': {'name': 'get_cpu_usage', 'description': 'Get current CPU usage percentage', 'parameters': {}, 'returns': {'type': 'number', 'description': 'CPU usage percentage'}, 'is_async': True}, 'get_memory_info': {'name': 'get_memory_info', 'description': 'Get memory usage information', 'parameters': {}, 'returns': {'type': 'object', 'description': 'Memory usage information'}, 'is_async': True}, 'list_processes': {'name': 'list_processes', 'description': 'List running processes with optional filtering', 'parameters': {'filter': {'type': 'object', 'description': 'Optional filter criteria for processes', 'properties': {'name_contains': {'type': 'string', 'description': 'Filter by process name'}, 'min_memory_mb': {'type': 'number', 'description': 'Minimum memory usage in MB'}, 'min_cpu_percent': {'type': 'number', 'description': 'Minimum CPU usage percentage'}}}}, 'returns': {'type': 'array', 'description': 'List of process information'}, 'is_async': True}}}}}, 'error': None}
2025-03-24 18:10:15,767 - mcp_gateway.core.bridge - DEBUG - Response data after model_dump: {'jsonrpc': '2.0', 'id': '2', 'result': None, 'error': {'code': -32000, 'message': "'MCPMethod' object has no attribute 'handler'"}}
2025-03-24 18:10:15,768 - mcp_gateway.core.bridge - DEBUG - Response data after model_dump: {'jsonrpc': '2.0', 'id': '3', 'result': None, 'error': {'code': -32601, 'message': "Method 'invalid_method' not found"}}
2025-03-24 18:10:36,302 - mcp_gateway.core.bridge - DEBUG - Response data after model_dump: {'jsonrpc': '2.0', 'id': 'connection', 'result': {'type': 'connection_established', 'connection_id': 'bridge-1-20250325011036', 'message': 'Bridge connected successfully'}, 'error': None}
2025-03-24 18:14:06,139 - mcp_gateway.core.bridge - DEBUG - Response data after model_dump: {'jsonrpc': '2.0', 'id': 'connection', 'result': {'type': 'connection_established', 'connection_id': 'bridge-1-20250325011406', 'message': 'Bridge connected successfully'}, 'error': None}
2025-03-24 18:16:07,264 - mcp_gateway.core.bridge - DEBUG - Response data after model_dump: {'jsonrpc': '2.0', 'id': 'connection', 'result': {'type': 'connection_established', 'connection_id': 'bridge-1-20250325011607', 'message': 'Bridge connected successfully'}, 'error': None}
2025-03-24 18:18:08,115 - mcp_gateway.core.bridge - DEBUG - Response data after model_dump: {'jsonrpc': '2.0', 'id': 'connection', 'result': {'type': 'connection_established', 'connection_id': 'bridge-1-20250325011808', 'message': 'Bridge connected successfully'}, 'error': None}
2025-03-24 18:24:01,571 - mcp_gateway.core.bridge - DEBUG - Response data after model_dump: {'jsonrpc': '2.0', 'id': 'connection', 'result': {'type': 'connection_established', 'connection_id': 'bridge-1-20250325012401', 'message': 'Bridge connected successfully'}, 'error': None}
2025-03-24 18:24:09,461 - mcp_gateway.core.bridge - DEBUG - Response data after model_dump: {'jsonrpc': '2.0', 'id': 'connection', 'result': {'type': 'connection_established', 'connection_id': 'bridge-1-20250325012409', 'message': 'Bridge connected successfully'}, 'error': None}
2025-03-24 18:25:24,178 - mcp_gateway.core.bridge - DEBUG - Response data after model_dump: {'jsonrpc': '2.0', 'id': 'connection', 'result': {'type': 'connection_established', 'connection_id': 'bridge-2-20250325012524', 'message': 'Bridge connected successfully'}, 'error': None}
